<?xml version="1.0" encoding="UTF-8"?>
<!-- Generated by org.testng.reporters.JUnitReportReporter -->
<testsuite hostname="Ashwin" failures="0" tests="1" name="test.LoginTest" time="6.865" errors="0" timestamp="2025-10-19T18:23:08 IST" skipped="0">
  <testcase classname="test.LoginTest" name="validateTestLogin" time="6.865"/>
</testsuite> <!-- test.LoginTest -->
